<?xml version="1.0" encoding="UTF-8"?>
<testsuite name="nl.jwdr.ooc.transport.CanFrameTest" tests="2" skipped="0" failures="0" errors="0" timestamp="2026-08-17T11:52:36.780Z" hostname="JanWill49T1QJPC.localdomain" time="0.01">
  <properties/>
  <testcase name="payload longer than 8 bytes is rejected" classname="nl.jwdr.ooc.transport.CanFrameTest" time="0.006"/>
  <testcase name="frames with equal id and payload are equal" classname="nl.jwdr.ooc.transport.CanFrameTest" time="0.001"/>
  <system-out><![CDATA[]]></system-out>
  <system-err><![CDATA[]]></system-err>
</testsuite>
